<?xml version="1.0" encoding="UTF-8"?>
<testsuite xmlns:xsi="http://www.w3.org/2001/XMLSchema-instance" xsi:noNamespaceSchemaLocation="https://maven.apache.org/surefire/maven-surefire-plugin/xsd/surefire-test-report.xsd" name="TestSuite" time="25.851" tests="1" errors="0" skipped="0" failures="0">
  <properties>
    <property name="PROCESSOR_ARCHITECTURE" value="AMD64"/>
    <property name="file.encoding.pkg" value="sun.io"/>
    <property name="LOGONSERVER" value="\\AMRDC3205"/>
    <property name="ProgramData" value="C:\ProgramData"/>
    <property name="java.home" value="C:\Program Files\Java\jdk1.8.0_102\jre"/>
    <property name="NODE_NAME" value="master"/>
    <property name="LG_PATH" value="C:\Program Files (x86)\HP\LoadRunner\"/>
    <property name="JENKINS_URL" value="http://localhost:8080/"/>
    <property name="ALLUSERSPROFILE" value="C:\ProgramData"/>
    <property name="java.endorsed.dirs" value="C:\Program Files\Java\jdk1.8.0_102\jre\lib\endorsed"/>
    <property name="PSModulePath" value="%ProgramFiles(x86)%\WindowsPowerShell\Modules;C:\WINDOWS\system32\WindowsPowerShell\v1.0\Modules;C:\Program Files\VisualSVN Server\PowerShellModules;C:\Program Files (x86)\AutoIt3\AutoItX"/>
    <property name="=::" value="::\"/>
    <property name="USERDOMAIN" value="DIR"/>
    <property name="sun.os.patch.level" value=""/>
    <property name="java.vendor.url" value="http://java.oracle.com/"/>
    <property name="CommonProgramFiles(x86)" value="C:\Program Files (x86)\Common Files"/>
    <property name="java.version" value="1.8.0_102"/>
    <property name="JOB_NAME" value="Travellers"/>
    <property name="COMPUTERNAME" value="BDC4A-L-5465CDZ"/>
    <property name="MSJAVA_ENABLE_MONITORS" value="1"/>
    <property name="ANDROID_HOME" value="C:\Users\aswani.kumar.avilala\AppData\Local\Android\sdk"/>
    <property name="java.vendor.url.bug" value="http://bugreport.sun.com/bugreport/"/>
    <property name="PUBLIC" value="C:\Users\Public"/>
    <property name="user.name" value="aswani.kumar.avilala"/>
    <property name="sun.io.unicode.encoding" value="UnicodeLittle"/>
    <property name="sun.jnu.encoding" value="Cp1252"/>
    <property name="java.runtime.name" value="Java(TM) SE Runtime Environment"/>
    <property name="windir" value="C:\WINDOWS"/>
    <property name="PROCESSOR_IDENTIFIER" value="AMD64 Family 21 Model 48 Stepping 1, AuthenticAMD"/>
    <property name="java.specification.name" value="Java Platform API Specification"/>
    <property name="LOCALAPPDATA" value="C:\Users\aswani.kumar.avilala\AppData\Local"/>
    <property name="RUN_CHANGES_DISPLAY_URL" value="http://localhost:8080/job/Travellers/3/display/redirect?page=changes"/>
    <property name="user.timezone" value="Asia/Calcutta"/>
    <property name="user.script" value=""/>
    <property name="path.separator" value=";"/>
    <property name="NUMBER_OF_PROCESSORS" value="4"/>
    <property name="BUILD_TAG" value="jenkins-Travellers-3"/>
    <property name="file.encoding" value="Cp1252"/>
    <property name="LOG_FILE" value="C:\Users\ASWANI~1.AVI\AppData\Local\Temp\\ihp_custom_batches.log"/>
    <property name="sun.java.command" value="jenkins.maven3.agent.Maven33Main C:\apache-maven-3.3.9 C:\Users\aswani.kumar.avilala\.jenkins\war\WEB-INF\lib\remoting-3.10.jar C:\Users\aswani.kumar.avilala\.jenkins\plugins\maven-plugin\WEB-INF\lib\maven33-interceptor-1.11.jar C:\Users\aswani.kumar.avilala\.jenkins\plugins\maven-plugin\WEB-INF\lib\maven3-interceptor-commons-1.11.jar 12469"/>
    <property name="HUDSON_URL" value="http://localhost:8080/"/>
    <property name="JENKINS_SERVER_COOKIE" value="0bfeb547279a5ddd"/>
    <property name="EXECUTOR_NUMBER" value="0"/>
    <property name="Path" value="C:\Program Files\Java\jdk1.8.0_102/bin;C:\Program Files (x86)\HP\NV\lib\shunra\vcat;C:\Program Files\Broadcom\Broadcom 802.11;C:\oraclexe\app\oracle\product\11.2.0\server\bin;C:\ProgramData\Oracle\Java\javapath;C:\WINDOWS\system32;C:\WINDOWS;C:\WINDOWS\System32\Wbem;C:\WINDOWS\System32\WindowsPowerShell\v1.0\;C:\Program Files\VisualSVN Server\bin;C:\Program Files (x86)\HP\Unified Functional Testing\bin;C:\Program Files (x86)\HP\LoadRunner\strawberry-perl\perl\bin;C:\Program Files (x86)\HP\NV\lib\thirdparty\safenet\LDK\7.0;C:\Program Files (x86)\HP\NV\lib\shunra\snv;C:\Python27;C:\Python27\Scripts;C:\Program Files\Git\bin;C:\Selenium\Drivers;C:\Users\aswani.kumar.avilala\AppData\Local\Android\sdk\tools;C:\Users\aswani.kumar.avilala\AppData\Local\Android\sdk\platform-tools;C:\Program Files\nodejs\;C:\Program Files\Java\jdk1.8.0_102\bin;C:\apache-maven-3.3.9\bin;C:\apache-ant-1.9.7-bin\apache-ant-1.9.7\bin;C:\Users\aswani.kumar.avilala\AppData\Local\Microsoft\WindowsApps;C:\Users\aswani.kumar.avilala\AppData\Roaming\npm"/>
    <property name="VISUALSVN_SERVER" value="C:\Program Files\VisualSVN Server\"/>
    <property name="java.io.tmpdir" value="C:\Users\ASWANI~1.AVI\AppData\Local\Temp\"/>
    <property name="APPDATA" value="C:\Users\aswani.kumar.avilala\AppData\Roaming"/>
    <property name="user.language" value="en"/>
    <property name="line.separator" value="&#10;"/>
    <property name="BUILD_URL" value="http://localhost:8080/job/Travellers/3/"/>
    <property name="IBM_JAVA_OPTIONS" value="-Xbootclasspath/a:&quot;C:\Program Files (x86)\HP\Unified Functional Testing\bin\java_shared\classes\jasmine.jar&quot;"/>
    <property name="M2_HOME" value="C:\apache-maven-3.3.9"/>
    <property name="=C:" value="C:\Jenkins"/>
    <property name="java.vm.info" value="mixed mode"/>
    <property name="sun.desktop" value="windows"/>
    <property name="java.vm.specification.name" value="Java Virtual Machine Specification"/>
    <property name="BUILD_DISPLAY_NAME" value="#3"/>
    <property name="OS" value="Windows_NT"/>
    <property name="guice.disable.misplaced.annotation.check" value="true"/>
    <property name="HUDSON_SERVER_COOKIE" value="0bfeb547279a5ddd"/>
    <property name="MAVEN_HOME" value="C:\apache-maven-3.3.9"/>
    <property name="PATHEXT" value=".COM;.EXE;.BAT;.CMD;.VBS;.VBE;.JS;.JSE;.WSF;.WSH;.MSC"/>
    <property name="java.awt.printerjob" value="sun.awt.windows.WPrinterJob"/>
    <property name="maven3.interceptor.common" value="C:\Users\aswani.kumar.avilala\.jenkins\plugins\maven-plugin\WEB-INF\lib\maven3-interceptor-commons-1.11.jar"/>
    <property name="CLASSPATH" value=""/>
    <property name="ANALYSIS_PATH" value="C:\Program Files (x86)\HP\LoadRunner\"/>
    <property name="ST_INSTALL_PATH" value="C:\Program Files (x86)\HP\Unified Functional Testing\"/>
    <property name="HOMEPATH" value="\Users\aswani.kumar.avilala"/>
    <property name="os.name" value="Windows 10"/>
    <property name="java.specification.vendor" value="Oracle Corporation"/>
    <property name="=A:" value="A:\"/>
    <property name="java.vm.name" value="Java HotSpot(TM) 64-Bit Server VM"/>
    <property name="BUILD_NUMBER" value="3"/>
    <property name="maven3.interceptor" value="C:\Users\aswani.kumar.avilala\.jenkins\plugins\maven-plugin\WEB-INF\lib\maven33-interceptor-1.11.jar"/>
    <property name="java.library.path" value="C:\Program Files\Java\jdk1.8.0_102\bin;C:\WINDOWS\Sun\Java\bin;C:\WINDOWS\system32;C:\WINDOWS;C:\apache-maven-3.3.9/bin;C:\Program Files\Java\jdk1.8.0_102/bin;C:\Program Files\Java\jdk1.8.0_102/bin;C:\Program Files (x86)\HP\NV\lib\shunra\vcat;C:\Program Files\Broadcom\Broadcom 802.11;C:\oraclexe\app\oracle\product\11.2.0\server\bin;C:\ProgramData\Oracle\Java\javapath;C:\WINDOWS\system32;C:\WINDOWS;C:\WINDOWS\System32\Wbem;C:\WINDOWS\System32\WindowsPowerShell\v1.0\;C:\Program Files\VisualSVN Server\bin;C:\Program Files (x86)\HP\Unified Functional Testing\bin;C:\Program Files (x86)\HP\LoadRunner\strawberry-perl\perl\bin;C:\Program Files (x86)\HP\NV\lib\thirdparty\safenet\LDK\7.0;C:\Program Files (x86)\HP\NV\lib\shunra\snv;C:\Python27;C:\Python27\Scripts;C:\Program Files\Git\bin;C:\Selenium\Drivers;C:\Users\aswani.kumar.avilala\AppData\Local\Android\sdk\tools;C:\Users\aswani.kumar.avilala\AppData\Local\Android\sdk\platform-tools;C:\Program Files\nodejs\;C:\Program Files\Java\jdk1.8.0_102\bin;C:\apache-maven-3.3.9\bin;C:\apache-ant-1.9.7-bin\apache-ant-1.9.7\bin;C:\Users\aswani.kumar.avilala\AppData\Local\Microsoft\WindowsApps;C:\Users\aswani.kumar.avilala\AppData\Roaming\npm;."/>
    <property name="HOMEDRIVE" value="C:"/>
    <property name="POM_GROUPID" value="com.jenkins"/>
    <property name="POM_ARTIFACTID" value="SeleniumIntegrationWithJenkins"/>
    <property name="java.class.version" value="52.0"/>
    <property name="JOB_URL" value="http://localhost:8080/job/Travellers/"/>
    <property name="ANT_HOME" value="C:\apache-ant-1.9.7-bin\apache-ant-1.9.7"/>
    <property name="OneDrive" value="C:\Users\aswani.kumar.avilala\OneDrive"/>
    <property name="RUN_DISPLAY_URL" value="http://localhost:8080/job/Travellers/3/display/redirect"/>
    <property name="JENKINS_HOME" value="C:\Users\aswani.kumar.avilala\.jenkins"/>
    <property name="BUILD_ID" value="3"/>
    <property name="TEMP" value="C:\Users\ASWANI~1.AVI\AppData\Local\Temp"/>
    <property name="sun.boot.library.path" value="C:\Program Files\Java\jdk1.8.0_102\jre\bin"/>
    <property name="VUGEN_PATH" value="C:\Program Files (x86)\HP\LoadRunner\"/>
    <property name="sun.management.compiler" value="HotSpot 64-Bit Tiered Compilers"/>
    <property name="java.awt.graphicsenv" value="sun.awt.Win32GraphicsEnvironment"/>
    <property name="user.variant" value=""/>
    <property name="PROCESSOR_REVISION" value="3001"/>
    <property name="POM_VERSION" value="0.0.1-SNAPSHOT"/>
    <property name="HUDSON_HOME" value="C:\Users\aswani.kumar.avilala\.jenkins"/>
    <property name="ProgramFiles(x86)" value="C:\Program Files (x86)"/>
    <property name="PATH+MAVEN" value="C:\apache-maven-3.3.9/bin"/>
    <property name="USERDOMAIN_ROAMINGPROFILE" value="DIR"/>
    <property name="PROMPT" value="$P$G"/>
    <property name="java.vm.specification.version" value="1.8"/>
    <property name="JAVA_HOME" value="C:\Program Files\Java\jdk1.8.0_102"/>
    <property name="awt.toolkit" value="sun.awt.windows.WToolkit"/>
    <property name="NODE_LABELS" value="master"/>
    <property name="sun.cpu.isalist" value="amd64"/>
    <property name="USERPROFILE" value="C:\Users\aswani.kumar.avilala"/>
    <property name="JOB_DISPLAY_URL" value="http://localhost:8080/job/Travellers/display/redirect"/>
    <property name="java.ext.dirs" value="C:\Program Files\Java\jdk1.8.0_102\jre\lib\ext;C:\WINDOWS\Sun\Java\lib\ext"/>
    <property name="os.version" value="10.0"/>
    <property name="user.home" value="C:\Users\aswani.kumar.avilala"/>
    <property name="USERNAME" value="aswani.kumar.avilala"/>
    <property name="java.vm.vendor" value="Oracle Corporation"/>
    <property name="PROCESSOR_LEVEL" value="21"/>
    <property name="USERDNSDOMAIN" value="DIR.SVC.ACCENTURE.COM"/>
    <property name="CommonProgramW6432" value="C:\Program Files\Common Files"/>
    <property name="user.dir" value="C:\Eclipse Workspace\FY 18\TravellersBDCNov 11 2017\SeleniumIntegrationWithJenkins"/>
    <property name="ProgramW6432" value="C:\Program Files"/>
    <property name="TMP" value="C:\Users\ASWANI~1.AVI\AppData\Local\Temp"/>
    <property name="UATDATA" value="C:\WINDOWS\CCM\UATData\D9F8C395-CAB8-491d-B8AC-179A1FE1BE77"/>
    <property name="_JAVA_OPTIONS" value="-Xbootclasspath/a:&quot;C:\Program Files (x86)\HP\Unified Functional Testing\bin\java_shared\classes\jasmine.jar&quot;"/>
    <property name="sun.cpu.endian" value="little"/>
    <property name="SystemDrive" value="C:"/>
    <property name="java.vm.version" value="25.102-b14"/>
    <property name="java.class.path" value="C:\Users\aswani.kumar.avilala\.jenkins\plugins\maven-plugin\WEB-INF\lib\maven33-agent-1.11.jar;C:\apache-maven-3.3.9\boot\plexus-classworlds-2.5.2.jar;C:\apache-maven-3.3.9/conf/logging"/>
    <property name="org.slf4j.simpleLogger.defaultLogLevel" value="info"/>
    <property name="JAVA_TOOL_OPTIONS" value="-agentlib:jvmhook"/>
    <property name="os.arch" value="amd64"/>
    <property name="WORKSPACE" value="C:\Users\aswani.kumar.avilala\.jenkins\workspace\Travellers"/>
    <property name="ComSpec" value="C:\WINDOWS\system32\cmd.exe"/>
    <property name="sun.java.launcher" value="SUN_STANDARD"/>
    <property name="FPS_BROWSER_APP_PROFILE_STRING" value="Internet Explorer"/>
    <property name="SystemRoot" value="C:\WINDOWS"/>
    <property name="CommonProgramFiles" value="C:\Program Files\Common Files"/>
    <property name="java.vm.specification.vendor" value="Oracle Corporation"/>
    <property name="FPS_BROWSER_USER_PROFILE_STRING" value="Default"/>
    <property name="file.separator" value="\"/>
    <property name="LR_PATH" value="C:\Program Files (x86)\HP\LoadRunner\"/>
    <property name="java.runtime.version" value="1.8.0_102-b14"/>
    <property name="ProgramFiles" value="C:\Program Files"/>
    <property name="sun.boot.class.path" value="C:\Program Files\Java\jdk1.8.0_102\jre\lib\resources.jar;C:\Program Files\Java\jdk1.8.0_102\jre\lib\rt.jar;C:\Program Files\Java\jdk1.8.0_102\jre\lib\sunrsasign.jar;C:\Program Files\Java\jdk1.8.0_102\jre\lib\jsse.jar;C:\Program Files\Java\jdk1.8.0_102\jre\lib\jce.jar;C:\Program Files\Java\jdk1.8.0_102\jre\lib\charsets.jar;C:\Program Files\Java\jdk1.8.0_102\jre\lib\jfr.jar;C:\Program Files\Java\jdk1.8.0_102\jre\classes;C:\Program Files (x86)\HP\Unified Functional Testing\bin\java_shared\classes\jasmine.jar"/>
    <property name="PATH+JDK" value="C:\Program Files\Java\jdk1.8.0_102/bin"/>
    <property name="user.country" value="US"/>
    <property name="POM_PACKAGING" value="jar"/>
    <property name="maven.home" value="C:\apache-maven-3.3.9"/>
    <property name="JOB_BASE_NAME" value="Travellers"/>
    <property name="java.vendor" value="Oracle Corporation"/>
    <property name="POM_DISPLAYNAME" value="SeleniumIntegrationWithJenkins"/>
    <property name="java.specification.version" value="1.8"/>
    <property name="sun.arch.data.model" value="64"/>
  </properties>
  <testcase name="launchChrome" classname="com.tests.NewTest2" time="23.764"/>
</testsuite>