<?xml version="1.0" encoding="UTF-8"?>
<!-- Generated by org.testng.reporters.JUnitReportReporter -->
<testsuite skipped="0" hostname="CDC2-D-6020FKN" name="com.tests.NewTest2" tests="1" failures="0" timestamp="15 Apr 2018 15:12:31 GMT" time="26.042" errors="0">
  <testcase name="launchfirefox" time="26.042" classname="com.tests.NewTest2"/>
</testsuite> <!-- com.tests.NewTest2 -->
