<?xml version="1.0" encoding="UTF-8"?>
<!-- Generated by org.testng.reporters.JUnitReportReporter -->
<testsuite skipped="2" hostname="BDC4A-L-5465CDZ" name="com.tests.NewTest2" tests="3" failures="0" timestamp="25 Nov 2017 08:08:03 GMT" time="23.766" errors="0">
  <testcase name="launchChrome" time="23.766" classname="com.tests.NewTest2"/>
  <testcase name="launchFirefox" classname="com.tests.NewTest2">
    <skipped/>
  </testcase> <!-- launchFirefox -->
  <testcase name="launchIE" classname="com.tests.NewTest2">
    <skipped/>
  </testcase> <!-- launchIE -->
</testsuite> <!-- com.tests.NewTest2 -->
